<?xml version="1.0" encoding="UTF-8"?>
<testng-results ignored="0" total="1" passed="1" failed="0" skipped="0">
  <reporter-output>
    <line>
      <![CDATA[Keyword entered is : Google pakistan]]>
    </line>
    <line>
      <![CDATA[Search results are displayed.]]>
    </line>
  </reporter-output>
  <suite started-at="2022-12-12T09:28:50 PST" name="Default suite" finished-at="2022-12-12T09:29:01 PST" duration-ms="11447">
    <groups>
    </groups>
    <test started-at="2022-12-12T09:28:50 PST" name="Default test" finished-at="2022-12-12T09:29:01 PST" duration-ms="11447">
      <class name="com.testngDataProvider.HomePage">
        <test-method is-config="true" signature="setUp()[pri:0, instance:com.testngDataProvider.HomePage@1162410a]" started-at="2022-12-12T09:28:50 PST" name="setUp" finished-at="2022-12-12T09:28:58 PST" duration-ms="7848" status="PASS">
          <reporter-output>
          </reporter-output>
        </test-method> <!-- setUp -->
        <test-method signature="testGoogleData(java.lang.String,java.lang.String,java.lang.String)[pri:0, instance:com.testngDataProvider.HomePage@1162410a]" started-at="2022-12-12T09:28:58 PST" name="testGoogleData" data-provider="GoogleDataprovider" finished-at="2022-12-12T09:29:01 PST" duration-ms="3438" status="PASS">
          <params>
            <param index="0">
              <value>
                <![CDATA[Google]]>
              </value>
            </param>
            <param index="1">
              <value>
                <![CDATA[pakistan]]>
              </value>
            </param>
            <param index="2">
              <value>
                <![CDATA[welcome]]>
              </value>
            </param>
          </params>
          <reporter-output>
            <line>
              <![CDATA[Keyword entered is : Google pakistan]]>
            </line>
            <line>
              <![CDATA[Search results are displayed.]]>
            </line>
          </reporter-output>
        </test-method> <!-- testGoogleData -->
      </class> <!-- com.testngDataProvider.HomePage -->
    </test> <!-- Default test -->
  </suite> <!-- Default suite -->
</testng-results>
